
/home/runner/work/exp-series-lcr-circuit-iitk/exp-series-lcr-circuit-iitk/experiment/simulation/js/index.js
    9:5   warning  'arr' is assigned a value but never used        no-unused-vars
   12:7   warning  'freq' is assigned a value but never used       no-unused-vars
   20:10  warning  'resistance' is defined but never used          no-unused-vars
   23:10  warning  'resist' is defined but never used              no-unused-vars
   28:10  warning  'oner' is defined but never used                no-unused-vars
   34:10  warning  'twor' is defined but never used                no-unused-vars
   39:10  warning  'threer' is defined but never used              no-unused-vars
   44:10  warning  'fourr' is defined but never used               no-unused-vars
   49:10  warning  'fiver' is defined but never used               no-unused-vars
   54:10  warning  'sixr' is defined but never used                no-unused-vars
   59:10  warning  'sevenr' is defined but never used              no-unused-vars
   65:10  warning  'inductance' is defined but never used          no-unused-vars
   68:10  warning  'induct' is defined but never used              no-unused-vars
   72:10  warning  'onel' is defined but never used                no-unused-vars
   77:10  warning  'twol' is defined but never used                no-unused-vars
   82:10  warning  'threel' is defined but never used              no-unused-vars
   87:10  warning  'fourl' is defined but never used               no-unused-vars
   92:10  warning  'fivel' is defined but never used               no-unused-vars
  101:10  warning  'capacitance' is defined but never used         no-unused-vars
  108:10  warning  'onec' is defined but never used                no-unused-vars
  113:10  warning  'twoc' is defined but never used                no-unused-vars
  118:10  warning  'threec' is defined but never used              no-unused-vars
  123:10  warning  'fourc' is defined but never used               no-unused-vars
  128:10  warning  'fivec' is defined but never used               no-unused-vars
  133:10  warning  'sixc' is defined but never used                no-unused-vars
  140:10  warning  'voltage' is defined but never used             no-unused-vars
  145:10  warning  'voltl' is defined but never used               no-unused-vars
  150:10  warning  'onev' is defined but never used                no-unused-vars
  155:10  warning  'twov' is defined but never used                no-unused-vars
  160:10  warning  'threev' is defined but never used              no-unused-vars
  165:10  warning  'fourv' is defined but never used               no-unused-vars
  170:10  warning  'fivev' is defined but never used               no-unused-vars
  181:7   warning  'rotateBtn' is assigned a value but never used  no-unused-vars
  184:10  warning  'switch1onh' is defined but never used          no-unused-vars
  195:10  warning  'switch1offh' is defined but never used         no-unused-vars
  203:10  warning  'switch2onh' is defined but never used          no-unused-vars
  212:10  warning  'switch2offh' is defined but never used         no-unused-vars
  244:8   warning  'x' is already defined                          no-redeclare
  259:10  warning  'Fill' is defined but never used                no-unused-vars
  277:11  warning  'rotatebt' is assigned a value but never used   no-unused-vars
  309:9   warning  'i' is not defined                              no-undef
  309:16  warning  'i' is not defined                              no-undef
  309:33  warning  'i' is not defined                              no-undef
  310:51  warning  'i' is not defined                              no-undef
  310:71  warning  'i' is not defined                              no-undef

✖ 45 problems (0 errors, 45 warnings)

